<?xml version="1.0" encoding="UTF-8"?>
<testng-results skipped="0" failed="1" ignored="0" total="1" passed="0">
  <reporter-output>
  </reporter-output>
  <suite name="Default suite" duration-ms="20969" started-at="2019-10-05T15:26:01 CST" finished-at="2019-10-05T15:26:22 CST">
    <groups>
    </groups>
    <test name="Default test" duration-ms="20969" started-at="2019-10-05T15:26:01 CST" finished-at="2019-10-05T15:26:22 CST">
      <class name="seleniumTest.TestNgLogin">
        <test-method status="PASS" signature="beforeTest()[pri:0, instance:seleniumTest.TestNgLogin@33c7e1bb]" name="beforeTest" is-config="true" duration-ms="13" started-at="2019-10-05T15:26:01 CST" finished-at="2019-10-05T15:26:01 CST">
          <reporter-output>
          </reporter-output>
        </test-method> <!-- beforeTest -->
        <test-method status="PASS" signature="beforeClass()[pri:0, instance:seleniumTest.TestNgLogin@33c7e1bb]" name="beforeClass" is-config="true" duration-ms="9891" started-at="2019-10-05T15:26:01 CST" finished-at="2019-10-05T15:26:11 CST">
          <reporter-output>
          </reporter-output>
        </test-method> <!-- beforeClass -->
        <test-method status="PASS" signature="beforeMethod()[pri:0, instance:seleniumTest.TestNgLogin@33c7e1bb]" name="beforeMethod" is-config="true" duration-ms="0" started-at="2019-10-05T15:26:11 CST" finished-at="2019-10-05T15:26:11 CST">
          <reporter-output>
          </reporter-output>
        </test-method> <!-- beforeMethod -->
        <test-method status="FAIL" signature="loginAndEdiPosition()[pri:0, instance:seleniumTest.TestNgLogin@33c7e1bb]" name="loginAndEdiPosition" duration-ms="10660" started-at="2019-10-05T15:26:11 CST" finished-at="2019-10-05T15:26:21 CST">
          <exception class="java.lang.AssertionError">
            <message>
              <![CDATA[假装失败了]]>
            </message>
            <full-stacktrace>
              <![CDATA[java.lang.AssertionError: 假装失败了
at org.testng.Assert.fail(Assert.java:97)
at seleniumTest.TestNgLogin.loginAndEdiPosition(TestNgLogin.java:183)
at sun.reflect.NativeMethodAccessorImpl.invoke0(Native Method)
at sun.reflect.NativeMethodAccessorImpl.invoke(NativeMethodAccessorImpl.java:62)
at sun.reflect.DelegatingMethodAccessorImpl.invoke(DelegatingMethodAccessorImpl.java:43)
at java.lang.reflect.Method.invoke(Method.java:498)
at org.testng.internal.MethodInvocationHelper.invokeMethod(MethodInvocationHelper.java:133)
at org.testng.internal.TestInvoker.invokeMethod(TestInvoker.java:584)
at org.testng.internal.TestInvoker.invokeTestMethod(TestInvoker.java:172)
at org.testng.internal.MethodRunner.runInSequence(MethodRunner.java:46)
at org.testng.internal.TestInvoker$MethodInvocationAgent.invoke(TestInvoker.java:804)
at org.testng.internal.TestInvoker.invokeTestMethods(TestInvoker.java:145)
at org.testng.internal.TestMethodWorker.invokeTestMethods(TestMethodWorker.java:146)
at org.testng.internal.TestMethodWorker.run(TestMethodWorker.java:128)
at java.util.ArrayList.forEach(ArrayList.java:1249)
at org.testng.TestRunner.privateRun(TestRunner.java:770)
at org.testng.TestRunner.run(TestRunner.java:591)
at org.testng.SuiteRunner.runTest(SuiteRunner.java:402)
at org.testng.SuiteRunner.runSequentially(SuiteRunner.java:396)
at org.testng.SuiteRunner.privateRun(SuiteRunner.java:355)
at org.testng.SuiteRunner.run(SuiteRunner.java:304)
at org.testng.SuiteRunnerWorker.runSuite(SuiteRunnerWorker.java:53)
at org.testng.SuiteRunnerWorker.run(SuiteRunnerWorker.java:96)
at org.testng.TestNG.runSuitesSequentially(TestNG.java:1180)
at org.testng.TestNG.runSuitesLocally(TestNG.java:1102)
at org.testng.TestNG.runSuites(TestNG.java:1032)
at org.testng.TestNG.run(TestNG.java:1000)
at org.testng.remote.AbstractRemoteTestNG.run(AbstractRemoteTestNG.java:115)
at org.testng.remote.RemoteTestNG.initAndRun(RemoteTestNG.java:251)
at org.testng.remote.RemoteTestNG.main(RemoteTestNG.java:77)
]]>
            </full-stacktrace>
          </exception> <!-- java.lang.AssertionError -->
          <reporter-output>
          </reporter-output>
        </test-method> <!-- loginAndEdiPosition -->
        <test-method status="PASS" signature="afterMethod()[pri:0, instance:seleniumTest.TestNgLogin@33c7e1bb]" name="afterMethod" is-config="true" duration-ms="0" started-at="2019-10-05T15:26:22 CST" finished-at="2019-10-05T15:26:22 CST">
          <reporter-output>
          </reporter-output>
        </test-method> <!-- afterMethod -->
        <test-method status="PASS" signature="afterClass()[pri:0, instance:seleniumTest.TestNgLogin@33c7e1bb]" name="afterClass" is-config="true" duration-ms="0" started-at="2019-10-05T15:26:22 CST" finished-at="2019-10-05T15:26:22 CST">
          <reporter-output>
          </reporter-output>
        </test-method> <!-- afterClass -->
        <test-method status="PASS" signature="afterTest()[pri:0, instance:seleniumTest.TestNgLogin@33c7e1bb]" name="afterTest" is-config="true" duration-ms="0" started-at="2019-10-05T15:26:22 CST" finished-at="2019-10-05T15:26:22 CST">
          <reporter-output>
          </reporter-output>
        </test-method> <!-- afterTest -->
      </class> <!-- seleniumTest.TestNgLogin -->
    </test> <!-- Default test -->
  </suite> <!-- Default suite -->
</testng-results>
